[0202/150213:ERROR:exception_snapshot_win.cc(87)] thread ID 12800 not found in process
[0202/150213:WARNING:crash_report_exception_handler.cc(61)] ProcessSnapshotWin::Initialize failed
[0213/160524.282:ERROR:exception_snapshot_win.cc(87)] thread ID 11028 not found in process
[0213/160524.283:WARNING:crash_report_exception_handler.cc(60)] ProcessSnapshotWin::Initialize failed
[0224/153113.911:ERROR:exception_snapshot_win.cc(87)] thread ID 10156 not found in process
[0224/153113.912:WARNING:crash_report_exception_handler.cc(60)] ProcessSnapshotWin::Initialize failed
[0307/165347.538:ERROR:exception_snapshot_win.cc(87)] thread ID 10312 not found in process
[0307/165347.540:WARNING:crash_report_exception_handler.cc(60)] ProcessSnapshotWin::Initialize failed
[0307/203659.436:ERROR:exception_snapshot_win.cc(87)] thread ID 6928 not found in process
[0307/203659.438:WARNING:crash_report_exception_handler.cc(60)] ProcessSnapshotWin::Initialize failed
[0320/152000.556:ERROR:process_reader_win.cc(142)] SuspendThread: Access is denied. (0x5)
[0320/152000.665:ERROR:exception_snapshot_win.cc(87)] thread ID 10972 not found in process
[0320/152000.665:WARNING:crash_report_exception_handler.cc(60)] ProcessSnapshotWin::Initialize failed
[0320/152000.665:ERROR:scoped_process_suspend.cc(38)] NtResumeProcess: An attempt was made to access an exiting process.  (0xc000010a)
[0323/191635.623:ERROR:exception_snapshot_win.cc(87)] thread ID 11768 not found in process
[0323/191635.626:WARNING:crash_report_exception_handler.cc(60)] ProcessSnapshotWin::Initialize failed
[0323/191635.622:ERROR:process_info.cc(608)] range at 0xfffde000, size 0x230 fully unreadable
[0323/191635.713:ERROR:process_info.cc(608)] range at 0xfffdd000, size 0xf84 fully unreadable
[0323/191635.713:ERROR:process_info.cc(608)] range at 0xfffda000, size 0xf84 fully unreadable
[0323/191635.713:ERROR:process_info.cc(608)] range at 0xfffac000, size 0xf84 fully unreadable
[0323/191635.713:ERROR:process_info.cc(608)] range at 0xfffa9000, size 0xf84 fully unreadable
[0328/155002.362:ERROR:exception_snapshot_win.cc(87)] thread ID 11396 not found in process
[0328/155002.371:WARNING:crash_report_exception_handler.cc(60)] ProcessSnapshotWin::Initialize failed
[0330/184533.120:ERROR:exception_snapshot_win.cc(87)] thread ID 10684 not found in process
[0330/184533.131:WARNING:crash_report_exception_handler.cc(60)] ProcessSnapshotWin::Initialize failed
[0405/121338.645:ERROR:process_info.cc(608)] range at 0xfffde000, size 0x230 fully unreadable
[0405/121338.661:ERROR:process_info.cc(608)] range at 0xfffdd000, size 0xf84 fully unreadable
[0405/121338.661:ERROR:process_info.cc(608)] range at 0xfffd7000, size 0xf84 fully unreadable
[0405/121338.661:ERROR:process_info.cc(608)] range at 0xfffac000, size 0xf84 fully unreadable
[0405/121338.661:ERROR:process_info.cc(608)] range at 0xfffa9000, size 0xf84 fully unreadable
[0405/121528.308:ERROR:exception_snapshot_win.cc(87)] thread ID 10024 not found in process
[0405/121528.309:WARNING:crash_report_exception_handler.cc(60)] ProcessSnapshotWin::Initialize failed
[0405/121803.708:ERROR:process_info.cc(608)] range at 0xfffde000, size 0x230 fully unreadable
[0405/121803.713:ERROR:process_info.cc(608)] range at 0xfffdd000, size 0xf84 fully unreadable
[0405/121803.714:ERROR:process_info.cc(608)] range at 0xfffac000, size 0xf84 fully unreadable
[0405/121803.714:ERROR:process_info.cc(608)] range at 0xfffa9000, size 0xf84 fully unreadable
[0405/122205.961:ERROR:exception_snapshot_win.cc(87)] thread ID 6816 not found in process
[0405/122205.962:WARNING:crash_report_exception_handler.cc(60)] ProcessSnapshotWin::Initialize failed
[0405/122435.498:ERROR:process_info.cc(608)] range at 0xfffde000, size 0x230 fully unreadable
[0405/122435.506:ERROR:process_info.cc(608)] range at 0xfffdd000, size 0xf84 fully unreadable
[0405/122435.507:ERROR:process_info.cc(608)] range at 0xfffda000, size 0xf84 fully unreadable
[0405/122435.507:ERROR:process_info.cc(608)] range at 0xfffa9000, size 0xf84 fully unreadable
[0405/122435.507:ERROR:process_info.cc(608)] range at 0xfffa6000, size 0xf84 fully unreadable
[0405/122728.103:ERROR:process_info.cc(608)] range at 0xfffde000, size 0x230 fully unreadable
[0405/122728.110:ERROR:process_info.cc(608)] range at 0xfffdd000, size 0xf84 fully unreadable
[0405/122728.110:ERROR:process_info.cc(608)] range at 0xfffac000, size 0xf84 fully unreadable
[0405/122728.110:ERROR:process_info.cc(608)] range at 0xfffa9000, size 0xf84 fully unreadable
[0405/125657.346:ERROR:process_info.cc(608)] range at 0xfffde000, size 0x230 fully unreadable
[0405/125657.362:ERROR:process_info.cc(608)] range at 0xfffdd000, size 0xf84 fully unreadable
[0405/125657.362:ERROR:process_info.cc(608)] range at 0xfffd7000, size 0xf84 fully unreadable
[0405/125657.362:ERROR:process_info.cc(608)] range at 0xfffac000, size 0xf84 fully unreadable
[0405/125657.362:ERROR:process_info.cc(608)] range at 0xfffa9000, size 0xf84 fully unreadable
[0405/125914.695:ERROR:exception_snapshot_win.cc(87)] thread ID 10432 not found in process
[0405/125914.695:WARNING:crash_report_exception_handler.cc(60)] ProcessSnapshotWin::Initialize failed
[0405/131302.135:ERROR:exception_snapshot_win.cc(87)] thread ID 9812 not found in process
[0405/131302.136:WARNING:crash_report_exception_handler.cc(60)] ProcessSnapshotWin::Initialize failed
[0405/132552.033:ERROR:exception_snapshot_win.cc(87)] thread ID 9408 not found in process
[0405/132552.034:WARNING:crash_report_exception_handler.cc(60)] ProcessSnapshotWin::Initialize failed
[0405/132908.857:ERROR:exception_snapshot_win.cc(87)] thread ID 3492 not found in process
[0405/132908.858:WARNING:crash_report_exception_handler.cc(60)] ProcessSnapshotWin::Initialize failed
[0405/143808.907:ERROR:process_info.cc(608)] range at 0xfffde000, size 0x230 fully unreadable
[0405/143808.937:ERROR:process_info.cc(608)] range at 0xfffdd000, size 0xf84 fully unreadable
[0405/143808.937:ERROR:process_info.cc(608)] range at 0xfffd7000, size 0xf84 fully unreadable
[0405/143808.937:ERROR:process_info.cc(608)] range at 0xfffac000, size 0xf84 fully unreadable
[0405/143808.937:ERROR:process_info.cc(608)] range at 0xfffa9000, size 0xf84 fully unreadable
[0405/144009.923:ERROR:exception_snapshot_win.cc(87)] thread ID 9864 not found in process
[0405/144009.924:WARNING:crash_report_exception_handler.cc(60)] ProcessSnapshotWin::Initialize failed
[0405/145105.192:ERROR:process_info.cc(608)] range at 0xfffde000, size 0x230 fully unreadable
[0405/145105.219:ERROR:process_info.cc(608)] range at 0xfffdd000, size 0xf84 fully unreadable
[0405/145105.219:ERROR:process_info.cc(608)] range at 0xfffac000, size 0xf84 fully unreadable
[0405/145105.219:ERROR:process_info.cc(608)] range at 0xfffa9000, size 0xf84 fully unreadable
[0405/150938.068:ERROR:exception_snapshot_win.cc(87)] thread ID 10508 not found in process
[0405/150938.069:WARNING:crash_report_exception_handler.cc(60)] ProcessSnapshotWin::Initialize failed
[0405/151806.166:ERROR:exception_snapshot_win.cc(87)] thread ID 6832 not found in process
[0405/151806.167:WARNING:crash_report_exception_handler.cc(60)] ProcessSnapshotWin::Initialize failed
[0405/152455.483:ERROR:exception_snapshot_win.cc(87)] thread ID 10312 not found in process
[0405/152455.484:WARNING:crash_report_exception_handler.cc(60)] ProcessSnapshotWin::Initialize failed
[0405/153724.970:ERROR:exception_snapshot_win.cc(87)] thread ID 6804 not found in process
[0405/153724.970:WARNING:crash_report_exception_handler.cc(60)] ProcessSnapshotWin::Initialize failed
[0405/164517.709:ERROR:process_reader_win.cc(142)] SuspendThread: Access is denied. (0x5)
[0405/164517.774:ERROR:exception_snapshot_win.cc(87)] thread ID 8528 not found in process
[0405/164517.774:WARNING:crash_report_exception_handler.cc(60)] ProcessSnapshotWin::Initialize failed
[0405/164517.775:ERROR:scoped_process_suspend.cc(38)] NtResumeProcess: An attempt was made to access an exiting process.  (0xc000010a)
[0405/165408.669:ERROR:process_info.cc(608)] range at 0xfffde000, size 0x230 fully unreadable
[0405/165408.677:ERROR:process_info.cc(608)] range at 0xfffdd000, size 0xf84 fully unreadable
[0405/165408.677:ERROR:process_info.cc(608)] range at 0xfffac000, size 0xf84 fully unreadable
[0405/165408.677:ERROR:process_info.cc(608)] range at 0xfffa9000, size 0xf84 fully unreadable
[0405/165926.194:ERROR:process_info.cc(608)] range at 0xfffde000, size 0x230 fully unreadable
[0405/165926.199:ERROR:process_info.cc(608)] range at 0xfffdd000, size 0xf84 fully unreadable
[0405/165926.199:ERROR:process_info.cc(608)] range at 0xfffda000, size 0xf84 fully unreadable
[0405/165926.199:ERROR:process_info.cc(608)] range at 0xfffa9000, size 0xf84 fully unreadable
[0405/165926.199:ERROR:process_info.cc(608)] range at 0xfffa6000, size 0xf84 fully unreadable
[0406/145419.055:ERROR:process_reader_win.cc(142)] SuspendThread: Access is denied. (0x5)
[0406/145419.115:ERROR:exception_snapshot_win.cc(87)] thread ID 8184 not found in process
[0406/145419.115:WARNING:crash_report_exception_handler.cc(60)] ProcessSnapshotWin::Initialize failed
[0406/145419.116:ERROR:scoped_process_suspend.cc(38)] NtResumeProcess: An attempt was made to access an exiting process.  (0xc000010a)
[0406/172420.632:ERROR:process_reader_win.cc(142)] SuspendThread: Access is denied. (0x5)
[0406/172420.649:ERROR:exception_snapshot_win.cc(87)] thread ID 10648 not found in process
[0406/172420.649:WARNING:crash_report_exception_handler.cc(60)] ProcessSnapshotWin::Initialize failed
[0406/172420.650:ERROR:scoped_process_suspend.cc(38)] NtResumeProcess: An attempt was made to access an exiting process.  (0xc000010a)
[0406/173021.010:ERROR:process_info.cc(625)] range at 0xfffde000, size 0x230 fully unreadable
[0406/173021.033:ERROR:process_info.cc(625)] range at 0xfffdd000, size 0xf84 fully unreadable
[0406/173021.034:ERROR:process_info.cc(625)] range at 0xfffda000, size 0xf84 fully unreadable
[0406/173021.035:ERROR:process_info.cc(625)] range at 0xfffaf000, size 0xf84 fully unreadable
[0406/173021.035:ERROR:process_info.cc(625)] range at 0xfffa9000, size 0xf84 fully unreadable
[0406/173021.035:ERROR:process_info.cc(625)] range at 0xfffa6000, size 0xf84 fully unreadable
[0406/193620.278:ERROR:process_info.cc(625)] range at 0xfffde000, size 0x230 fully unreadable
[0406/193620.297:ERROR:process_info.cc(625)] range at 0xfffdd000, size 0xf84 fully unreadable
[0406/193620.297:ERROR:process_info.cc(625)] range at 0xfffda000, size 0xf84 fully unreadable
[0406/193620.297:ERROR:process_info.cc(625)] range at 0xfffac000, size 0xf84 fully unreadable
[0406/193620.297:ERROR:process_info.cc(625)] range at 0xfffa9000, size 0xf84 fully unreadable
[0407/113322.766:ERROR:exception_snapshot_win.cc(87)] thread ID 13388 not found in process
[0407/113322.769:WARNING:crash_report_exception_handler.cc(60)] ProcessSnapshotWin::Initialize failed
[0407/130007.582:ERROR:exception_snapshot_win.cc(87)] thread ID 13508 not found in process
[0407/130007.584:WARNING:crash_report_exception_handler.cc(60)] ProcessSnapshotWin::Initialize failed
[0407/133014.938:ERROR:exception_snapshot_win.cc(87)] thread ID 13028 not found in process
[0407/133014.939:WARNING:crash_report_exception_handler.cc(60)] ProcessSnapshotWin::Initialize failed
[0408/141316.028:ERROR:process_info.cc(625)] range at 0xfffde000, size 0x230 fully unreadable
[0408/141316.041:ERROR:process_info.cc(625)] range at 0xfffdd000, size 0xf84 fully unreadable
[0408/141316.041:ERROR:process_info.cc(625)] range at 0xfffda000, size 0xf84 fully unreadable
[0408/141316.042:ERROR:process_info.cc(625)] range at 0xfffaf000, size 0xf84 fully unreadable
[0408/141316.042:ERROR:process_info.cc(625)] range at 0xfffa9000, size 0xf84 fully unreadable
[0408/141316.042:ERROR:process_info.cc(625)] range at 0xfffa6000, size 0xf84 fully unreadable
[0408/145331.725:ERROR:process_info.cc(625)] range at 0xfffde000, size 0x230 fully unreadable
[0408/145331.746:ERROR:process_info.cc(625)] range at 0xfffdd000, size 0xf84 fully unreadable
[0408/145331.746:ERROR:process_info.cc(625)] range at 0xfffda000, size 0xf84 fully unreadable
[0408/145331.746:ERROR:process_info.cc(625)] range at 0xfffaf000, size 0xf84 fully unreadable
[0408/145331.746:ERROR:process_info.cc(625)] range at 0xfffa9000, size 0xf84 fully unreadable
[0408/145331.746:ERROR:process_info.cc(625)] range at 0xfffa6000, size 0xf84 fully unreadable
[0408/150516.011:ERROR:process_info.cc(625)] range at 0xfffde000, size 0x230 fully unreadable
[0408/150516.026:ERROR:process_info.cc(625)] range at 0xfffdd000, size 0xf84 fully unreadable
[0408/150516.026:ERROR:process_info.cc(625)] range at 0xfffda000, size 0xf84 fully unreadable
[0408/150516.026:ERROR:process_info.cc(625)] range at 0xfffac000, size 0xf84 fully unreadable
[0408/150516.026:ERROR:process_info.cc(625)] range at 0xfffa9000, size 0xf84 fully unreadable
[0408/151344.667:ERROR:process_info.cc(625)] range at 0xfffde000, size 0x230 fully unreadable
[0408/151344.696:ERROR:process_info.cc(625)] range at 0xfffdd000, size 0xf84 fully unreadable
[0408/151344.697:ERROR:process_info.cc(625)] range at 0xfffda000, size 0xf84 fully unreadable
[0408/151344.697:ERROR:process_info.cc(625)] range at 0xfffaf000, size 0xf84 fully unreadable
[0408/151344.697:ERROR:process_info.cc(625)] range at 0xfffa9000, size 0xf84 fully unreadable
[0408/151344.697:ERROR:process_info.cc(625)] range at 0xfffa6000, size 0xf84 fully unreadable
[0408/151645.338:ERROR:process_reader_win.cc(142)] SuspendThread: Access is denied. (0x5)
[0408/151645.339:ERROR:exception_snapshot_win.cc(87)] thread ID 15520 not found in process
[0408/151645.339:WARNING:crash_report_exception_handler.cc(60)] ProcessSnapshotWin::Initialize failed
[0408/152433.786:ERROR:process_info.cc(625)] range at 0xfffde000, size 0x230 fully unreadable
[0408/152433.796:ERROR:process_info.cc(625)] range at 0xfffdd000, size 0xf84 fully unreadable
[0408/152433.796:ERROR:process_info.cc(625)] range at 0xfffda000, size 0xf84 fully unreadable
[0408/152433.796:ERROR:process_info.cc(625)] range at 0xfffaf000, size 0xf84 fully unreadable
[0408/152433.796:ERROR:process_info.cc(625)] range at 0xfffa9000, size 0xf84 fully unreadable
[0408/152433.796:ERROR:process_info.cc(625)] range at 0xfffa6000, size 0xf84 fully unreadable
[0408/154047.153:ERROR:process_info.cc(625)] range at 0xfffde000, size 0x230 fully unreadable
[0408/154047.169:ERROR:process_info.cc(625)] range at 0xfffdd000, size 0xf84 fully unreadable
[0408/154047.169:ERROR:process_info.cc(625)] range at 0xfffda000, size 0xf84 fully unreadable
[0408/154047.169:ERROR:process_info.cc(625)] range at 0xfffaf000, size 0xf84 fully unreadable
[0408/154047.169:ERROR:process_info.cc(625)] range at 0xfffa9000, size 0xf84 fully unreadable
[0408/154047.169:ERROR:process_info.cc(625)] range at 0xfffa6000, size 0xf84 fully unreadable
[0408/160306.284:ERROR:process_info.cc(625)] range at 0xfffde000, size 0x230 fully unreadable
[0408/160306.315:ERROR:process_info.cc(625)] range at 0xfffdd000, size 0xf84 fully unreadable
[0408/160306.315:ERROR:process_info.cc(625)] range at 0xfffda000, size 0xf84 fully unreadable
[0408/160306.315:ERROR:process_info.cc(625)] range at 0xfffaf000, size 0xf84 fully unreadable
[0408/160306.315:ERROR:process_info.cc(625)] range at 0xfffa9000, size 0xf84 fully unreadable
[0408/160306.315:ERROR:process_info.cc(625)] range at 0xfffa6000, size 0xf84 fully unreadable
[0408/182608.164:ERROR:process_info.cc(625)] range at 0xfffde000, size 0x230 fully unreadable
[0408/182608.182:ERROR:process_info.cc(625)] range at 0xfffdd000, size 0xf84 fully unreadable
[0408/182608.182:ERROR:process_info.cc(625)] range at 0xfffda000, size 0xf84 fully unreadable
[0408/182608.182:ERROR:process_info.cc(625)] range at 0xfffaf000, size 0xf84 fully unreadable
[0408/182608.182:ERROR:process_info.cc(625)] range at 0xfffa9000, size 0xf84 fully unreadable
[0408/182608.182:ERROR:process_info.cc(625)] range at 0xfffa6000, size 0xf84 fully unreadable
[0408/184530.420:ERROR:process_reader_win.cc(142)] SuspendThread: Access is denied. (0x5)
[0408/184530.478:ERROR:exception_snapshot_win.cc(87)] thread ID 11100 not found in process
[0408/184530.478:WARNING:crash_report_exception_handler.cc(60)] ProcessSnapshotWin::Initialize failed
[0408/184530.478:ERROR:scoped_process_suspend.cc(38)] NtResumeProcess: An attempt was made to access an exiting process.  (0xc000010a)
[0408/195326.504:ERROR:process_reader_win.cc(142)] SuspendThread: Access is denied. (0x5)
[0408/195326.567:ERROR:exception_snapshot_win.cc(87)] thread ID 12672 not found in process
[0408/195326.567:WARNING:crash_report_exception_handler.cc(60)] ProcessSnapshotWin::Initialize failed
[0408/195326.567:ERROR:scoped_process_suspend.cc(38)] NtResumeProcess: An attempt was made to access an exiting process.  (0xc000010a)
[0410/112702.043:ERROR:process_info.cc(625)] range at 0xfffde000, size 0x230 fully unreadable
[0410/112702.066:ERROR:process_info.cc(625)] range at 0xfffdd000, size 0xf84 fully unreadable
[0410/112702.066:ERROR:process_info.cc(625)] range at 0xfffda000, size 0xf84 fully unreadable
[0410/112702.066:ERROR:process_info.cc(625)] range at 0xfffac000, size 0xf84 fully unreadable
[0410/112702.066:ERROR:process_info.cc(625)] range at 0xfffa9000, size 0xf84 fully unreadable
[0410/120820.167:ERROR:process_reader_win.cc(142)] SuspendThread: Access is denied. (0x5)
[0410/120820.258:ERROR:exception_snapshot_win.cc(87)] thread ID 16264 not found in process
[0410/120820.258:WARNING:crash_report_exception_handler.cc(60)] ProcessSnapshotWin::Initialize failed
[0410/120820.258:ERROR:scoped_process_suspend.cc(38)] NtResumeProcess: An attempt was made to access an exiting process.  (0xc000010a)
[0410/121122.201:ERROR:process_info.cc(625)] range at 0xfffde000, size 0x230 fully unreadable
[0410/121122.221:ERROR:process_info.cc(625)] range at 0xfffdd000, size 0xf84 fully unreadable
[0410/121122.221:ERROR:process_info.cc(625)] range at 0xfffda000, size 0xf84 fully unreadable
[0410/121122.221:ERROR:process_info.cc(625)] range at 0xfffaf000, size 0xf84 fully unreadable
[0410/121122.221:ERROR:process_info.cc(625)] range at 0xfffa9000, size 0xf84 fully unreadable
[0410/121122.221:ERROR:process_info.cc(625)] range at 0xfffa6000, size 0xf84 fully unreadable
[0410/141438.007:ERROR:process_info.cc(625)] range at 0xfffde000, size 0x230 fully unreadable
[0410/141438.029:ERROR:process_info.cc(625)] range at 0xfffdd000, size 0xf84 fully unreadable
[0410/141438.029:ERROR:process_info.cc(625)] range at 0xfffda000, size 0xf84 fully unreadable
[0410/141438.029:ERROR:process_info.cc(625)] range at 0xfffaf000, size 0xf84 fully unreadable
[0410/141438.029:ERROR:process_info.cc(625)] range at 0xfffa9000, size 0xf84 fully unreadable
[0410/141438.029:ERROR:process_info.cc(625)] range at 0xfffa6000, size 0xf84 fully unreadable
[0410/155033.572:ERROR:process_info.cc(625)] range at 0xfffde000, size 0x230 fully unreadable
[0410/155033.587:ERROR:process_info.cc(625)] range at 0xfffdd000, size 0xf84 fully unreadable
[0410/155033.587:ERROR:process_info.cc(625)] range at 0xfffda000, size 0xf84 fully unreadable
[0410/155033.587:ERROR:process_info.cc(625)] range at 0xfffaf000, size 0xf84 fully unreadable
[0410/155033.587:ERROR:process_info.cc(625)] range at 0xfffa9000, size 0xf84 fully unreadable
[0410/155033.587:ERROR:process_info.cc(625)] range at 0xfffa6000, size 0xf84 fully unreadable
[0410/155247.579:ERROR:process_info.cc(625)] range at 0xfffde000, size 0x230 fully unreadable
[0410/155247.600:ERROR:process_info.cc(625)] range at 0xfffdd000, size 0xf84 fully unreadable
[0410/155247.600:ERROR:process_info.cc(625)] range at 0xfffda000, size 0xf84 fully unreadable
[0410/155247.600:ERROR:process_info.cc(625)] range at 0xfffaf000, size 0xf84 fully unreadable
[0410/155247.600:ERROR:process_info.cc(625)] range at 0xfffa9000, size 0xf84 fully unreadable
[0410/155247.600:ERROR:process_info.cc(625)] range at 0xfffa6000, size 0xf84 fully unreadable
[0410/173351.732:ERROR:process_info.cc(625)] range at 0xfffde000, size 0x230 fully unreadable
[0410/173351.757:ERROR:process_info.cc(625)] range at 0xfffdd000, size 0xf84 fully unreadable
[0410/173351.758:ERROR:process_info.cc(625)] range at 0xfffda000, size 0xf84 fully unreadable
[0410/173351.758:ERROR:process_info.cc(625)] range at 0xfffaf000, size 0xf84 fully unreadable
[0410/173351.758:ERROR:process_info.cc(625)] range at 0xfffa9000, size 0xf84 fully unreadable
[0410/173351.758:ERROR:process_info.cc(625)] range at 0xfffa6000, size 0xf84 fully unreadable
[0410/181536.857:ERROR:process_info.cc(625)] range at 0xfffde000, size 0x230 fully unreadable
[0410/181536.919:ERROR:process_info.cc(625)] range at 0xfffdd000, size 0xf84 fully unreadable
[0410/181536.919:ERROR:process_info.cc(625)] range at 0xfffda000, size 0xf84 fully unreadable
[0410/181536.919:ERROR:process_info.cc(625)] range at 0xfffac000, size 0xf84 fully unreadable
[0410/181536.919:ERROR:process_info.cc(625)] range at 0xfffa9000, size 0xf84 fully unreadable
[0410/194157.401:ERROR:process_info.cc(625)] range at 0xfffde000, size 0x230 fully unreadable
[0410/194157.432:ERROR:process_info.cc(625)] range at 0xfffdd000, size 0xf84 fully unreadable
[0410/194157.433:ERROR:process_info.cc(625)] range at 0xfffda000, size 0xf84 fully unreadable
[0410/194157.433:ERROR:process_info.cc(625)] range at 0xfffaf000, size 0xf84 fully unreadable
[0410/194157.433:ERROR:process_info.cc(625)] range at 0xfffa9000, size 0xf84 fully unreadable
[0410/194157.433:ERROR:process_info.cc(625)] range at 0xfffa6000, size 0xf84 fully unreadable
[0410/210009.747:ERROR:process_info.cc(625)] range at 0xfffde000, size 0x230 fully unreadable
[0410/210009.784:ERROR:process_info.cc(625)] range at 0xfffdd000, size 0xf84 fully unreadable
[0410/210009.784:ERROR:process_info.cc(625)] range at 0xfffda000, size 0xf84 fully unreadable
[0410/210009.784:ERROR:process_info.cc(625)] range at 0xfffaf000, size 0xf84 fully unreadable
[0410/210009.784:ERROR:process_info.cc(625)] range at 0xfffa9000, size 0xf84 fully unreadable
[0410/210009.784:ERROR:process_info.cc(625)] range at 0xfffa6000, size 0xf84 fully unreadable
[0410/212649.820:ERROR:process_info.cc(625)] range at 0xfffde000, size 0x230 fully unreadable
[0410/212649.871:ERROR:process_info.cc(625)] range at 0xfffdd000, size 0xf84 fully unreadable
[0410/212649.871:ERROR:process_info.cc(625)] range at 0xfffda000, size 0xf84 fully unreadable
[0410/212649.871:ERROR:process_info.cc(625)] range at 0xfffaf000, size 0xf84 fully unreadable
[0410/212649.871:ERROR:process_info.cc(625)] range at 0xfffa9000, size 0xf84 fully unreadable
[0410/212649.871:ERROR:process_info.cc(625)] range at 0xfffa6000, size 0xf84 fully unreadable
[0411/124757.021:ERROR:process_info.cc(625)] range at 0xfffde000, size 0x230 fully unreadable
[0411/124757.029:ERROR:process_info.cc(625)] range at 0xfffdd000, size 0xf84 fully unreadable
[0411/124757.029:ERROR:process_info.cc(625)] range at 0xfffda000, size 0xf84 fully unreadable
[0411/124757.029:ERROR:process_info.cc(625)] range at 0xfffaf000, size 0xf84 fully unreadable
[0411/124757.029:ERROR:process_info.cc(625)] range at 0xfffa9000, size 0xf84 fully unreadable
[0411/124757.029:ERROR:process_info.cc(625)] range at 0xfffa6000, size 0xf84 fully unreadable
[0411/141336.760:ERROR:process_info.cc(625)] range at 0xfffde000, size 0x230 fully unreadable
[0411/141336.792:ERROR:process_info.cc(625)] range at 0xfffdd000, size 0xf84 fully unreadable
[0411/141336.792:ERROR:process_info.cc(625)] range at 0xfffda000, size 0xf84 fully unreadable
[0411/141336.792:ERROR:process_info.cc(625)] range at 0xfffac000, size 0xf84 fully unreadable
[0411/141336.792:ERROR:process_info.cc(625)] range at 0xfffa9000, size 0xf84 fully unreadable
[0411/151804.122:ERROR:process_reader_win.cc(142)] SuspendThread: Access is denied. (0x5)
[0411/151804.257:ERROR:exception_snapshot_win.cc(87)] thread ID 6344 not found in process
[0411/151804.257:WARNING:crash_report_exception_handler.cc(60)] ProcessSnapshotWin::Initialize failed
[0411/151804.257:ERROR:scoped_process_suspend.cc(38)] NtResumeProcess: An attempt was made to access an exiting process.  (0xc000010a)
[0411/152134.230:ERROR:process_info.cc(625)] range at 0xfffde000, size 0x230 fully unreadable
[0411/152134.253:ERROR:process_info.cc(625)] range at 0xfffdd000, size 0xf84 fully unreadable
[0411/152134.253:ERROR:process_info.cc(625)] range at 0xfffda000, size 0xf84 fully unreadable
[0411/152134.253:ERROR:process_info.cc(625)] range at 0xfffac000, size 0xf84 fully unreadable
[0411/152134.253:ERROR:process_info.cc(625)] range at 0xfffa9000, size 0xf84 fully unreadable
[0411/152542.486:ERROR:process_reader_win.cc(142)] SuspendThread: Access is denied. (0x5)
[0411/152542.487:ERROR:exception_snapshot_win.cc(87)] thread ID 9368 not found in process
[0411/152542.487:WARNING:crash_report_exception_handler.cc(60)] ProcessSnapshotWin::Initialize failed
[0412/122628.288:ERROR:process_info.cc(625)] range at 0xfffde000, size 0x230 fully unreadable
[0412/122628.297:ERROR:process_info.cc(625)] range at 0xfffdd000, size 0xf84 fully unreadable
[0412/122628.297:ERROR:process_info.cc(625)] range at 0xfffda000, size 0xf84 fully unreadable
[0412/122628.297:ERROR:process_info.cc(625)] range at 0xfffaf000, size 0xf84 fully unreadable
[0412/122628.297:ERROR:process_info.cc(625)] range at 0xfffa9000, size 0xf84 fully unreadable
[0412/122628.297:ERROR:process_info.cc(625)] range at 0xfffa6000, size 0xf84 fully unreadable
[0412/132101.340:ERROR:process_info.cc(625)] range at 0xfffde000, size 0x230 fully unreadable
[0412/132101.371:ERROR:process_info.cc(625)] range at 0xfffdd000, size 0xf84 fully unreadable
[0412/132101.372:ERROR:process_info.cc(625)] range at 0xfffda000, size 0xf84 fully unreadable
[0412/132101.372:ERROR:process_info.cc(625)] range at 0xfffac000, size 0xf84 fully unreadable
[0412/132101.372:ERROR:process_info.cc(625)] range at 0xfffa9000, size 0xf84 fully unreadable
[0412/143825.310:ERROR:process_info.cc(625)] range at 0xfffde000, size 0x230 fully unreadable
[0412/143825.356:ERROR:process_info.cc(625)] range at 0xfffdd000, size 0xf84 fully unreadable
[0412/143825.357:ERROR:process_info.cc(625)] range at 0xfffda000, size 0xf84 fully unreadable
[0412/143825.357:ERROR:process_info.cc(625)] range at 0xfffaf000, size 0xf84 fully unreadable
[0412/143825.357:ERROR:process_info.cc(625)] range at 0xfffa9000, size 0xf84 fully unreadable
[0412/143825.357:ERROR:process_info.cc(625)] range at 0xfffa6000, size 0xf84 fully unreadable
[0412/145224.177:ERROR:process_info.cc(625)] range at 0xfffde000, size 0x230 fully unreadable
[0412/145224.203:ERROR:process_info.cc(625)] range at 0xfffdd000, size 0xf84 fully unreadable
[0412/145224.203:ERROR:process_info.cc(625)] range at 0xfffda000, size 0xf84 fully unreadable
[0412/145224.203:ERROR:process_info.cc(625)] range at 0xfffac000, size 0xf84 fully unreadable
[0412/145224.203:ERROR:process_info.cc(625)] range at 0xfffa9000, size 0xf84 fully unreadable
[0412/180813.278:ERROR:process_info.cc(625)] range at 0xfffde000, size 0x230 fully unreadable
[0412/180813.335:ERROR:process_info.cc(625)] range at 0xfffdd000, size 0xf84 fully unreadable
[0412/180813.336:ERROR:process_info.cc(625)] range at 0xfffda000, size 0xf84 fully unreadable
[0412/180813.336:ERROR:process_info.cc(625)] range at 0xfffaf000, size 0xf84 fully unreadable
[0412/180813.336:ERROR:process_info.cc(625)] range at 0xfffa9000, size 0xf84 fully unreadable
[0412/180813.336:ERROR:process_info.cc(625)] range at 0xfffa6000, size 0xf84 fully unreadable
[0412/191857.493:ERROR:process_info.cc(625)] range at 0xfffde000, size 0x230 fully unreadable
[0412/191857.521:ERROR:process_info.cc(625)] range at 0xfffdd000, size 0xf84 fully unreadable
[0412/191857.521:ERROR:process_info.cc(625)] range at 0xfffda000, size 0xf84 fully unreadable
[0412/191857.521:ERROR:process_info.cc(625)] range at 0xfffac000, size 0xf84 fully unreadable
[0412/191857.521:ERROR:process_info.cc(625)] range at 0xfffa9000, size 0xf84 fully unreadable
[0412/192735.806:ERROR:process_info.cc(625)] range at 0xfffde000, size 0x230 fully unreadable
[0412/192735.832:ERROR:process_info.cc(625)] range at 0xfffdd000, size 0xf84 fully unreadable
[0412/192735.832:ERROR:process_info.cc(625)] range at 0xfffda000, size 0xf84 fully unreadable
[0412/192735.832:ERROR:process_info.cc(625)] range at 0xfffac000, size 0xf84 fully unreadable
[0412/192735.832:ERROR:process_info.cc(625)] range at 0xfffa9000, size 0xf84 fully unreadable
[0412/200712.220:ERROR:process_info.cc(625)] range at 0xfffde000, size 0x230 fully unreadable
[0412/200712.247:ERROR:process_info.cc(625)] range at 0xfffdd000, size 0xf84 fully unreadable
[0412/200712.247:ERROR:process_info.cc(625)] range at 0xfffda000, size 0xf84 fully unreadable
[0412/200712.248:ERROR:process_info.cc(625)] range at 0xfffac000, size 0xf84 fully unreadable
[0412/200712.248:ERROR:process_info.cc(625)] range at 0xfffa9000, size 0xf84 fully unreadable
[0412/201833.341:ERROR:process_info.cc(625)] range at 0xfffde000, size 0x230 fully unreadable
[0412/201833.371:ERROR:process_info.cc(625)] range at 0xfffdd000, size 0xf84 fully unreadable
[0412/201833.371:ERROR:process_info.cc(625)] range at 0xfffda000, size 0xf84 fully unreadable
[0412/201833.371:ERROR:process_info.cc(625)] range at 0xfffac000, size 0xf84 fully unreadable
[0412/201833.371:ERROR:process_info.cc(625)] range at 0xfffa9000, size 0xf84 fully unreadable
[0412/203304.159:ERROR:process_reader_win.cc(142)] SuspendThread: Access is denied. (0x5)
[0412/203304.162:ERROR:exception_snapshot_win.cc(87)] thread ID 15260 not found in process
[0412/203304.162:WARNING:crash_report_exception_handler.cc(60)] ProcessSnapshotWin::Initialize failed
[0417/112104.559:ERROR:process_info.cc(625)] range at 0xfffde000, size 0x230 fully unreadable
[0417/112104.576:ERROR:process_info.cc(625)] range at 0xfffdd000, size 0xf84 fully unreadable
[0417/112104.576:ERROR:process_info.cc(625)] range at 0xfffda000, size 0xf84 fully unreadable
[0417/112104.576:ERROR:process_info.cc(625)] range at 0xfffac000, size 0xf84 fully unreadable
[0417/112104.576:ERROR:process_info.cc(625)] range at 0xfffa9000, size 0xf84 fully unreadable
[0417/124926.321:ERROR:process_info.cc(625)] range at 0xfffde000, size 0x230 fully unreadable
[0417/124926.340:ERROR:process_info.cc(625)] range at 0xfffdd000, size 0xf84 fully unreadable
[0417/124926.340:ERROR:process_info.cc(625)] range at 0xfffda000, size 0xf84 fully unreadable
[0417/124926.340:ERROR:process_info.cc(625)] range at 0xfffaf000, size 0xf84 fully unreadable
[0417/124926.340:ERROR:process_info.cc(625)] range at 0xfffa9000, size 0xf84 fully unreadable
[0417/124926.340:ERROR:process_info.cc(625)] range at 0xfffa6000, size 0xf84 fully unreadable
[0417/143458.423:ERROR:process_info.cc(625)] range at 0xfffde000, size 0x230 fully unreadable
[0417/143458.441:ERROR:process_info.cc(625)] range at 0xfffdd000, size 0xf84 fully unreadable
[0417/143458.441:ERROR:process_info.cc(625)] range at 0xfffda000, size 0xf84 fully unreadable
[0417/143458.441:ERROR:process_info.cc(625)] range at 0xfffac000, size 0xf84 fully unreadable
[0417/143458.441:ERROR:process_info.cc(625)] range at 0xfffa9000, size 0xf84 fully unreadable
[0418/153511.560:ERROR:process_reader_win.cc(142)] SuspendThread: Access is denied. (0x5)
[0418/153511.561:ERROR:exception_snapshot_win.cc(87)] thread ID 11772 not found in process
[0418/153511.561:WARNING:crash_report_exception_handler.cc(60)] ProcessSnapshotWin::Initialize failed
[0419/132550.762:ERROR:process_info.cc(625)] range at 0xfffde000, size 0x230 fully unreadable
[0419/132550.785:ERROR:process_info.cc(625)] range at 0xfffdd000, size 0xf84 fully unreadable
[0419/132550.785:ERROR:process_info.cc(625)] range at 0xfffda000, size 0xf84 fully unreadable
[0419/132550.785:ERROR:process_info.cc(625)] range at 0xfffac000, size 0xf84 fully unreadable
[0419/132550.785:ERROR:process_info.cc(625)] range at 0xfffa9000, size 0xf84 fully unreadable
[0419/135959.839:ERROR:process_reader_win.cc(142)] SuspendThread: Access is denied. (0x5)
[0419/135959.972:ERROR:exception_snapshot_win.cc(87)] thread ID 6720 not found in process
[0419/135959.972:WARNING:crash_report_exception_handler.cc(60)] ProcessSnapshotWin::Initialize failed
[0419/135959.972:ERROR:scoped_process_suspend.cc(38)] NtResumeProcess: An attempt was made to access an exiting process.  (0xc000010a)
[0419/155414.081:ERROR:process_reader_win.cc(142)] SuspendThread: Access is denied. (0x5)
[0419/155414.082:ERROR:exception_snapshot_win.cc(87)] thread ID 6020 not found in process
[0419/155414.083:WARNING:crash_report_exception_handler.cc(60)] ProcessSnapshotWin::Initialize failed
[0419/175732.961:ERROR:process_info.cc(625)] range at 0xfffde000, size 0x230 fully unreadable
[0419/175733.001:ERROR:process_info.cc(625)] range at 0xfffdd000, size 0xf84 fully unreadable
[0419/175733.002:ERROR:process_info.cc(625)] range at 0xfffda000, size 0xf84 fully unreadable
[0419/175733.002:ERROR:process_info.cc(625)] range at 0xfffac000, size 0xf84 fully unreadable
[0419/175733.002:ERROR:process_info.cc(625)] range at 0xfffa9000, size 0xf84 fully unreadable
[0419/180043.803:ERROR:process_info.cc(625)] range at 0xfffde000, size 0x230 fully unreadable
[0419/180043.894:ERROR:process_info.cc(625)] range at 0xfffdd000, size 0xf84 fully unreadable
[0419/180043.894:ERROR:process_info.cc(625)] range at 0xfffda000, size 0xf84 fully unreadable
[0419/180043.894:ERROR:process_info.cc(625)] range at 0xfffac000, size 0xf84 fully unreadable
[0419/180043.894:ERROR:process_info.cc(625)] range at 0xfffa9000, size 0xf84 fully unreadable
[0419/180501.027:ERROR:process_reader_win.cc(142)] SuspendThread: Access is denied. (0x5)
[0419/180501.148:ERROR:exception_snapshot_win.cc(87)] thread ID 1844 not found in process
[0419/180501.148:WARNING:crash_report_exception_handler.cc(60)] ProcessSnapshotWin::Initialize failed
[0419/180501.148:ERROR:scoped_process_suspend.cc(38)] NtResumeProcess: An attempt was made to access an exiting process.  (0xc000010a)
[0419/181008.530:ERROR:process_reader_win.cc(142)] SuspendThread: Access is denied. (0x5)
[0419/181008.532:ERROR:exception_snapshot_win.cc(87)] thread ID 12656 not found in process
[0419/181008.532:WARNING:crash_report_exception_handler.cc(60)] ProcessSnapshotWin::Initialize failed
[0420/171856.212:ERROR:process_info.cc(625)] range at 0xfffde000, size 0x230 fully unreadable
[0420/171856.286:ERROR:process_info.cc(625)] range at 0xfffdd000, size 0xf84 fully unreadable
[0420/171856.286:ERROR:process_info.cc(625)] range at 0xfffda000, size 0xf84 fully unreadable
[0420/171856.286:ERROR:process_info.cc(625)] range at 0xfffac000, size 0xf84 fully unreadable
[0420/171856.286:ERROR:process_info.cc(625)] range at 0xfffa9000, size 0xf84 fully unreadable
[0420/173037.478:ERROR:process_reader_win.cc(142)] SuspendThread: Access is denied. (0x5)
[0420/173037.651:ERROR:exception_snapshot_win.cc(87)] thread ID 6044 not found in process
[0420/173037.651:WARNING:crash_report_exception_handler.cc(60)] ProcessSnapshotWin::Initialize failed
[0420/173037.652:ERROR:scoped_process_suspend.cc(38)] NtResumeProcess: An attempt was made to access an exiting process.  (0xc000010a)
[0420/201938.339:ERROR:process_info.cc(625)] range at 0xfffde000, size 0x230 fully unreadable
[0420/201938.375:ERROR:process_info.cc(625)] range at 0xfffdd000, size 0xf84 fully unreadable
[0420/201938.375:ERROR:process_info.cc(625)] range at 0xfffda000, size 0xf84 fully unreadable
[0420/201938.375:ERROR:process_info.cc(625)] range at 0xfffac000, size 0xf84 fully unreadable
[0420/201938.375:ERROR:process_info.cc(625)] range at 0xfffa9000, size 0xf84 fully unreadable
[0421/113854.910:ERROR:process_info.cc(625)] range at 0xfffde000, size 0x230 fully unreadable
[0421/113854.946:ERROR:process_info.cc(625)] range at 0xfffdd000, size 0xf84 fully unreadable
[0421/113854.946:ERROR:process_info.cc(625)] range at 0xfffda000, size 0xf84 fully unreadable
[0421/113854.946:ERROR:process_info.cc(625)] range at 0xfffac000, size 0xf84 fully unreadable
[0421/113854.947:ERROR:process_info.cc(625)] range at 0xfffa9000, size 0xf84 fully unreadable
[0421/123811.189:ERROR:process_info.cc(625)] range at 0xfffde000, size 0x230 fully unreadable
[0421/123811.219:ERROR:process_info.cc(625)] range at 0xfffdd000, size 0xf84 fully unreadable
[0421/123811.219:ERROR:process_info.cc(625)] range at 0xfffda000, size 0xf84 fully unreadable
[0421/123811.219:ERROR:process_info.cc(625)] range at 0xfffac000, size 0xf84 fully unreadable
[0421/123811.219:ERROR:process_info.cc(625)] range at 0xfffa9000, size 0xf84 fully unreadable
[0421/124849.401:ERROR:process_info.cc(625)] range at 0xfffde000, size 0x230 fully unreadable
[0421/124849.442:ERROR:process_info.cc(625)] range at 0xfffdd000, size 0xf84 fully unreadable
[0421/124849.442:ERROR:process_info.cc(625)] range at 0xfffda000, size 0xf84 fully unreadable
[0421/124849.442:ERROR:process_info.cc(625)] range at 0xfffac000, size 0xf84 fully unreadable
[0421/124849.443:ERROR:process_info.cc(625)] range at 0xfffa9000, size 0xf84 fully unreadable
[0421/125133.539:ERROR:process_reader_win.cc(142)] SuspendThread: Access is denied. (0x5)
[0421/125133.540:ERROR:exception_snapshot_win.cc(87)] thread ID 11436 not found in process
[0421/125133.540:WARNING:crash_report_exception_handler.cc(60)] ProcessSnapshotWin::Initialize failed
[0421/152714.536:ERROR:process_info.cc(625)] range at 0xfffde000, size 0x230 fully unreadable
[0421/152714.559:ERROR:process_info.cc(625)] range at 0xfffdd000, size 0xf84 fully unreadable
[0421/152714.559:ERROR:process_info.cc(625)] range at 0xfffda000, size 0xf84 fully unreadable
[0421/152714.559:ERROR:process_info.cc(625)] range at 0xfffac000, size 0xf84 fully unreadable
[0421/152714.559:ERROR:process_info.cc(625)] range at 0xfffa9000, size 0xf84 fully unreadable
[0421/184836.388:ERROR:process_info.cc(625)] range at 0xfffde000, size 0x230 fully unreadable
[0421/184836.421:ERROR:process_info.cc(625)] range at 0xfffdd000, size 0xf84 fully unreadable
[0421/184836.421:ERROR:process_info.cc(625)] range at 0xfffda000, size 0xf84 fully unreadable
[0421/184836.421:ERROR:process_info.cc(625)] range at 0xfffac000, size 0xf84 fully unreadable
[0421/184836.421:ERROR:process_info.cc(625)] range at 0xfffa9000, size 0xf84 fully unreadable
[0424/144051.206:ERROR:process_reader_win.cc(142)] SuspendThread: Access is denied. (0x5)
[0424/144051.358:ERROR:exception_snapshot_win.cc(87)] thread ID 12528 not found in process
[0424/144051.358:WARNING:crash_report_exception_handler.cc(60)] ProcessSnapshotWin::Initialize failed
[0424/144051.358:ERROR:scoped_process_suspend.cc(38)] NtResumeProcess: An attempt was made to access an exiting process.  (0xc000010a)
[0424/160925.268:ERROR:process_info.cc(625)] range at 0xfffde000, size 0x230 fully unreadable
[0424/160925.286:ERROR:process_info.cc(625)] range at 0xfffdd000, size 0xf84 fully unreadable
[0424/160925.286:ERROR:process_info.cc(625)] range at 0xfffda000, size 0xf84 fully unreadable
[0424/160925.286:ERROR:process_info.cc(625)] range at 0xfffac000, size 0xf84 fully unreadable
[0424/160925.286:ERROR:process_info.cc(625)] range at 0xfffa9000, size 0xf84 fully unreadable
[0424/194703.033:ERROR:exception_snapshot_win.cc(87)] thread ID 5964 not found in process
[0424/194703.078:WARNING:crash_report_exception_handler.cc(60)] ProcessSnapshotWin::Initialize failed
[0424/200803.544:ERROR:process_info.cc(625)] range at 0xfffde000, size 0x230 fully unreadable
[0424/200803.576:ERROR:process_info.cc(625)] range at 0xfffdd000, size 0xf84 fully unreadable
[0424/200803.576:ERROR:process_info.cc(625)] range at 0xfffda000, size 0xf84 fully unreadable
[0424/200803.576:ERROR:process_info.cc(625)] range at 0xfffac000, size 0xf84 fully unreadable
[0424/200803.576:ERROR:process_info.cc(625)] range at 0xfffa9000, size 0xf84 fully unreadable
[0424/201711.958:ERROR:process_info.cc(625)] range at 0xfffde000, size 0x230 fully unreadable
[0424/201711.971:ERROR:process_info.cc(625)] range at 0xfffde000, size 0x230 fully unreadable
[0424/201713.730:ERROR:process_info.cc(625)] range at 0xfffde000, size 0x230 fully unreadable
[0424/201714.250:ERROR:process_info.cc(625)] range at 0xfffdd000, size 0xf84 fully unreadable
[0424/201714.250:ERROR:process_info.cc(625)] range at 0xfffda000, size 0xf84 fully unreadable
[0424/201714.250:ERROR:process_info.cc(625)] range at 0xfffaf000, size 0xf84 fully unreadable
[0424/201714.250:ERROR:process_info.cc(625)] range at 0xfffa9000, size 0xf84 fully unreadable
[0424/201714.251:ERROR:process_info.cc(625)] range at 0xfffa6000, size 0xf84 fully unreadable
[0424/201714.253:ERROR:process_info.cc(625)] range at 0xfffdd000, size 0xf84 fully unreadable
[0424/201714.253:ERROR:process_info.cc(625)] range at 0xfffda000, size 0xf84 fully unreadable
[0424/201714.253:ERROR:process_info.cc(625)] range at 0xfffaf000, size 0xf84 fully unreadable
[0424/201714.253:ERROR:process_info.cc(625)] range at 0xfffa9000, size 0xf84 fully unreadable
[0424/201714.253:ERROR:process_info.cc(625)] range at 0xfffa6000, size 0xf84 fully unreadable
[0424/201714.326:ERROR:process_info.cc(625)] range at 0xfffdd000, size 0xf84 fully unreadable
[0424/201714.326:ERROR:process_info.cc(625)] range at 0xfffda000, size 0xf84 fully unreadable
[0424/201714.326:ERROR:process_info.cc(625)] range at 0xfffaf000, size 0xf84 fully unreadable
[0424/201714.326:ERROR:process_info.cc(625)] range at 0xfffa9000, size 0xf84 fully unreadable
[0424/201714.326:ERROR:process_info.cc(625)] range at 0xfffa6000, size 0xf84 fully unreadable
[0424/201716.705:ERROR:process_info.cc(625)] range at 0xfffde000, size 0x230 fully unreadable
[0424/201716.711:ERROR:process_info.cc(625)] range at 0xfffdd000, size 0xf84 fully unreadable
[0424/201716.711:ERROR:process_info.cc(625)] range at 0xfffda000, size 0xf84 fully unreadable
[0424/201716.711:ERROR:process_info.cc(625)] range at 0xfffaf000, size 0xf84 fully unreadable
[0424/201716.711:ERROR:process_info.cc(625)] range at 0xfffa9000, size 0xf84 fully unreadable
[0424/201716.711:ERROR:process_info.cc(625)] range at 0xfffa6000, size 0xf84 fully unreadable
[0424/202639.928:ERROR:process_reader_win.cc(142)] SuspendThread: Access is denied. (0x5)
[0424/202639.929:ERROR:exception_snapshot_win.cc(87)] thread ID 10184 not found in process
[0424/202639.929:WARNING:crash_report_exception_handler.cc(60)] ProcessSnapshotWin::Initialize failed
[0424/202938.806:ERROR:process_info.cc(625)] range at 0xfffde000, size 0x230 fully unreadable
[0424/202938.827:ERROR:process_info.cc(625)] range at 0xfffdd000, size 0xf84 fully unreadable
[0424/202938.827:ERROR:process_info.cc(625)] range at 0xfffda000, size 0xf84 fully unreadable
[0424/202938.827:ERROR:process_info.cc(625)] range at 0xfffaf000, size 0xf84 fully unreadable
[0424/202938.828:ERROR:process_info.cc(625)] range at 0xfffa9000, size 0xf84 fully unreadable
[0424/202938.828:ERROR:process_info.cc(625)] range at 0xfffa6000, size 0xf84 fully unreadable
[0424/203107.090:ERROR:process_info.cc(625)] range at 0xfffde000, size 0x230 fully unreadable
[0424/203107.096:ERROR:process_info.cc(625)] range at 0xfffdd000, size 0xf84 fully unreadable
[0424/203107.096:ERROR:process_info.cc(625)] range at 0xfffda000, size 0xf84 fully unreadable
[0424/203107.096:ERROR:process_info.cc(625)] range at 0xfffaf000, size 0xf84 fully unreadable
[0424/203107.096:ERROR:process_info.cc(625)] range at 0xfffa9000, size 0xf84 fully unreadable
[0424/203107.096:ERROR:process_info.cc(625)] range at 0xfffa6000, size 0xf84 fully unreadable
[0424/203107.435:ERROR:process_info.cc(625)] range at 0xfffde000, size 0x230 fully unreadable
[0424/203107.440:ERROR:process_info.cc(625)] range at 0xfffdd000, size 0xf84 fully unreadable
[0424/203107.440:ERROR:process_info.cc(625)] range at 0xfffda000, size 0xf84 fully unreadable
[0424/203107.440:ERROR:process_info.cc(625)] range at 0xfffaf000, size 0xf84 fully unreadable
[0424/203107.440:ERROR:process_info.cc(625)] range at 0xfffa9000, size 0xf84 fully unreadable
[0424/203107.440:ERROR:process_info.cc(625)] range at 0xfffa6000, size 0xf84 fully unreadable
[0424/203107.679:ERROR:process_info.cc(625)] range at 0xfffde000, size 0x230 fully unreadable
[0424/203107.687:ERROR:process_info.cc(625)] range at 0xfffdd000, size 0xf84 fully unreadable
[0424/203107.687:ERROR:process_info.cc(625)] range at 0xfffda000, size 0xf84 fully unreadable
[0424/203107.687:ERROR:process_info.cc(625)] range at 0xfffaf000, size 0xf84 fully unreadable
[0424/203107.687:ERROR:process_info.cc(625)] range at 0xfffa9000, size 0xf84 fully unreadable
[0424/203107.687:ERROR:process_info.cc(625)] range at 0xfffa6000, size 0xf84 fully unreadable
[0424/203617.730:ERROR:process_reader_win.cc(142)] SuspendThread: Access is denied. (0x5)
[0424/203617.731:ERROR:exception_snapshot_win.cc(87)] thread ID 11500 not found in process
[0424/203617.731:WARNING:crash_report_exception_handler.cc(60)] ProcessSnapshotWin::Initialize failed
[0425/134947.598:ERROR:process_info.cc(625)] range at 0xfffde000, size 0x230 fully unreadable
[0425/134947.626:ERROR:process_info.cc(625)] range at 0xfffdd000, size 0xf84 fully unreadable
[0425/134947.626:ERROR:process_info.cc(625)] range at 0xfffda000, size 0xf84 fully unreadable
[0425/134947.626:ERROR:process_info.cc(625)] range at 0xfffac000, size 0xf84 fully unreadable
[0425/134947.626:ERROR:process_info.cc(625)] range at 0xfffa9000, size 0xf84 fully unreadable
[0425/160058.475:ERROR:exception_snapshot_win.cc(87)] thread ID 11184 not found in process
[0425/160058.478:WARNING:crash_report_exception_handler.cc(60)] ProcessSnapshotWin::Initialize failed
[0425/193010.202:ERROR:process_reader_win.cc(142)] SuspendThread: Access is denied. (0x5)
[0425/193010.288:ERROR:exception_snapshot_win.cc(87)] thread ID 17096 not found in process
[0425/193010.288:WARNING:crash_report_exception_handler.cc(60)] ProcessSnapshotWin::Initialize failed
[0425/193010.289:ERROR:scoped_process_suspend.cc(38)] NtResumeProcess: An attempt was made to access an exiting process.  (0xc000010a)
[0426/145638.454:ERROR:process_info.cc(625)] range at 0xfffde000, size 0x230 fully unreadable
[0426/145638.480:ERROR:process_info.cc(625)] range at 0xfffdd000, size 0xf84 fully unreadable
[0426/145638.481:ERROR:process_info.cc(625)] range at 0xfffda000, size 0xf84 fully unreadable
[0426/145638.481:ERROR:process_info.cc(625)] range at 0xfffac000, size 0xf84 fully unreadable
[0426/145638.481:ERROR:process_info.cc(625)] range at 0xfffa9000, size 0xf84 fully unreadable
[0426/153344.561:ERROR:process_info.cc(625)] range at 0xfffde000, size 0x230 fully unreadable
[0426/153344.586:ERROR:process_info.cc(625)] range at 0xfffdd000, size 0xf84 fully unreadable
[0426/153344.587:ERROR:process_info.cc(625)] range at 0xfffda000, size 0xf84 fully unreadable
[0426/153344.587:ERROR:process_info.cc(625)] range at 0xfffac000, size 0xf84 fully unreadable
[0426/153344.587:ERROR:process_info.cc(625)] range at 0xfffa9000, size 0xf84 fully unreadable
[0426/153541.703:ERROR:process_info.cc(625)] range at 0xfffde000, size 0x230 fully unreadable
[0426/153541.732:ERROR:process_info.cc(625)] range at 0xfffdd000, size 0xf84 fully unreadable
[0426/153541.732:ERROR:process_info.cc(625)] range at 0xfffda000, size 0xf84 fully unreadable
[0426/153541.732:ERROR:process_info.cc(625)] range at 0xfffaf000, size 0xf84 fully unreadable
[0426/153541.732:ERROR:process_info.cc(625)] range at 0xfffa9000, size 0xf84 fully unreadable
[0426/153541.732:ERROR:process_info.cc(625)] range at 0xfffa6000, size 0xf84 fully unreadable
[0426/154332.333:ERROR:process_info.cc(625)] range at 0xfffde000, size 0x230 fully unreadable
[0426/154332.357:ERROR:process_info.cc(625)] range at 0xfffdd000, size 0xf84 fully unreadable
[0426/154332.357:ERROR:process_info.cc(625)] range at 0xfffda000, size 0xf84 fully unreadable
[0426/154332.357:ERROR:process_info.cc(625)] range at 0xfffac000, size 0xf84 fully unreadable
[0426/154332.357:ERROR:process_info.cc(625)] range at 0xfffa9000, size 0xf84 fully unreadable
[0426/162718.233:ERROR:process_info.cc(625)] range at 0xfffde000, size 0x230 fully unreadable
[0426/162718.338:ERROR:process_info.cc(625)] range at 0xfffdd000, size 0xf84 fully unreadable
[0426/162718.338:ERROR:process_info.cc(625)] range at 0xfffda000, size 0xf84 fully unreadable
[0426/162718.338:ERROR:process_info.cc(625)] range at 0xfffac000, size 0xf84 fully unreadable
[0426/162718.338:ERROR:process_info.cc(625)] range at 0xfffa9000, size 0xf84 fully unreadable
[0427/120628.802:ERROR:process_info.cc(625)] range at 0xfffde000, size 0x230 fully unreadable
[0427/120628.808:ERROR:process_info.cc(625)] range at 0xfffdd000, size 0xf84 fully unreadable
[0427/120628.808:ERROR:process_info.cc(625)] range at 0xfffd7000, size 0xf84 fully unreadable
[0427/120628.808:ERROR:process_info.cc(625)] range at 0xfffac000, size 0xf84 fully unreadable
[0427/120628.808:ERROR:process_info.cc(625)] range at 0xfffa9000, size 0xf84 fully unreadable
[0427/172721.081:ERROR:process_info.cc(625)] range at 0xfffde000, size 0x230 fully unreadable
[0427/172721.120:ERROR:process_info.cc(625)] range at 0xfffdd000, size 0xf84 fully unreadable
[0427/172721.121:ERROR:process_info.cc(625)] range at 0xfffda000, size 0xf84 fully unreadable
[0427/172721.121:ERROR:process_info.cc(625)] range at 0xfffaf000, size 0xf84 fully unreadable
[0427/172721.121:ERROR:process_info.cc(625)] range at 0xfffa9000, size 0xf84 fully unreadable
[0427/172721.121:ERROR:process_info.cc(625)] range at 0xfffa6000, size 0xf84 fully unreadable
[0427/182605.362:ERROR:process_reader_win.cc(142)] SuspendThread: Access is denied. (0x5)
[0427/182605.407:ERROR:exception_snapshot_win.cc(87)] thread ID 4528 not found in process
[0427/182605.408:WARNING:crash_report_exception_handler.cc(60)] ProcessSnapshotWin::Initialize failed
[0428/112840.314:ERROR:process_info.cc(625)] range at 0xfffde000, size 0x230 fully unreadable
[0428/112840.350:ERROR:process_info.cc(625)] range at 0xfffdd000, size 0xf84 fully unreadable
[0428/112840.350:ERROR:process_info.cc(625)] range at 0xfffda000, size 0xf84 fully unreadable
[0428/112840.350:ERROR:process_info.cc(625)] range at 0xfffac000, size 0xf84 fully unreadable
[0428/112840.350:ERROR:process_info.cc(625)] range at 0xfffa9000, size 0xf84 fully unreadable
[0428/120512.128:ERROR:process_info.cc(625)] range at 0xfffde000, size 0x230 fully unreadable
[0428/120512.153:ERROR:process_info.cc(625)] range at 0xfffdd000, size 0xf84 fully unreadable
[0428/120512.153:ERROR:process_info.cc(625)] range at 0xfffda000, size 0xf84 fully unreadable
[0428/120512.153:ERROR:process_info.cc(625)] range at 0xfffac000, size 0xf84 fully unreadable
[0428/120512.153:ERROR:process_info.cc(625)] range at 0xfffa9000, size 0xf84 fully unreadable
[0428/121701.025:ERROR:process_reader_win.cc(142)] SuspendThread: Access is denied. (0x5)
[0428/121701.026:ERROR:exception_snapshot_win.cc(87)] thread ID 9512 not found in process
[0428/121701.026:WARNING:crash_report_exception_handler.cc(60)] ProcessSnapshotWin::Initialize failed
[0428/125100.070:ERROR:process_info.cc(625)] range at 0xfffde000, size 0x230 fully unreadable
[0428/125100.154:ERROR:process_info.cc(625)] range at 0xfffdd000, size 0xf84 fully unreadable
[0428/125100.154:ERROR:process_info.cc(625)] range at 0xfffda000, size 0xf84 fully unreadable
[0428/125100.154:ERROR:process_info.cc(625)] range at 0xfffac000, size 0xf84 fully unreadable
[0428/125100.154:ERROR:process_info.cc(625)] range at 0xfffa9000, size 0xf84 fully unreadable
[0428/150520.649:ERROR:process_info.cc(625)] range at 0xfffde000, size 0x230 fully unreadable
[0428/150520.665:ERROR:process_info.cc(625)] range at 0xfffdd000, size 0xf84 fully unreadable
[0428/150520.665:ERROR:process_info.cc(625)] range at 0xfffda000, size 0xf84 fully unreadable
[0428/150520.665:ERROR:process_info.cc(625)] range at 0xfffac000, size 0xf84 fully unreadable
[0428/150520.665:ERROR:process_info.cc(625)] range at 0xfffa9000, size 0xf84 fully unreadable
[0502/122650.684:ERROR:process_info.cc(625)] range at 0xfffde000, size 0x230 fully unreadable
[0502/122650.709:ERROR:process_info.cc(625)] range at 0xfffdd000, size 0xf84 fully unreadable
[0502/122650.709:ERROR:process_info.cc(625)] range at 0xfffda000, size 0xf84 fully unreadable
[0502/122650.709:ERROR:process_info.cc(625)] range at 0xfffaf000, size 0xf84 fully unreadable
[0502/122650.709:ERROR:process_info.cc(625)] range at 0xfffa9000, size 0xf84 fully unreadable
[0502/122650.709:ERROR:process_info.cc(625)] range at 0xfffa6000, size 0xf84 fully unreadable
[0502/145855.782:ERROR:process_info.cc(625)] range at 0xfffde000, size 0x230 fully unreadable
[0502/145855.804:ERROR:process_info.cc(625)] range at 0xfffdd000, size 0xf84 fully unreadable
[0502/145855.804:ERROR:process_info.cc(625)] range at 0xfffda000, size 0xf84 fully unreadable
[0502/145855.804:ERROR:process_info.cc(625)] range at 0xfffac000, size 0xf84 fully unreadable
[0502/145855.804:ERROR:process_info.cc(625)] range at 0xfffa9000, size 0xf84 fully unreadable
[0502/152243.287:ERROR:process_info.cc(625)] range at 0xfffde000, size 0x230 fully unreadable
[0502/152243.537:ERROR:process_info.cc(625)] range at 0xfffdd000, size 0xf84 fully unreadable
[0502/152243.537:ERROR:process_info.cc(625)] range at 0xfffda000, size 0xf84 fully unreadable
[0502/152243.537:ERROR:process_info.cc(625)] range at 0xfffac000, size 0xf84 fully unreadable
[0502/152243.537:ERROR:process_info.cc(625)] range at 0xfffa9000, size 0xf84 fully unreadable
[0502/185036.428:ERROR:process_info.cc(625)] range at 0xfffde000, size 0x230 fully unreadable
[0502/185036.445:ERROR:process_info.cc(625)] range at 0xfffdd000, size 0xf84 fully unreadable
[0502/185036.445:ERROR:process_info.cc(625)] range at 0xfffda000, size 0xf84 fully unreadable
[0502/185036.445:ERROR:process_info.cc(625)] range at 0xfffac000, size 0xf84 fully unreadable
[0502/185036.445:ERROR:process_info.cc(625)] range at 0xfffa9000, size 0xf84 fully unreadable
[0502/194455.425:ERROR:process_info.cc(625)] range at 0xfffde000, size 0x230 fully unreadable
[0502/194455.457:ERROR:process_info.cc(625)] range at 0xfffdd000, size 0xf84 fully unreadable
[0502/194455.457:ERROR:process_info.cc(625)] range at 0xfffda000, size 0xf84 fully unreadable
[0502/194455.457:ERROR:process_info.cc(625)] range at 0xfffac000, size 0xf84 fully unreadable
[0502/194455.457:ERROR:process_info.cc(625)] range at 0xfffa9000, size 0xf84 fully unreadable
[0502/225136.043:ERROR:process_info.cc(625)] range at 0xfffde000, size 0x230 fully unreadable
[0502/225136.064:ERROR:process_info.cc(625)] range at 0xfffdd000, size 0xf84 fully unreadable
[0502/225136.065:ERROR:process_info.cc(625)] range at 0xfffda000, size 0xf84 fully unreadable
[0502/225136.065:ERROR:process_info.cc(625)] range at 0xfffaf000, size 0xf84 fully unreadable
[0502/225136.065:ERROR:process_info.cc(625)] range at 0xfffa9000, size 0xf84 fully unreadable
[0502/225136.065:ERROR:process_info.cc(625)] range at 0xfffa6000, size 0xf84 fully unreadable
[0511/130725.137:ERROR:process_reader_win.cc(142)] SuspendThread: Access is denied. (0x5)
[0511/130725.230:ERROR:exception_snapshot_win.cc(87)] thread ID 12236 not found in process
[0511/130725.230:WARNING:crash_report_exception_handler.cc(60)] ProcessSnapshotWin::Initialize failed
